<?xml version="1.0" encoding="UTF-8"?>
<!-- Generated by org.testng.reporters.JUnitReportReporter -->
<testsuite hostname="Rakesh" failures="0" tests="1" name="MobileAutomation.Appium.eCommerce_tc1_Hybrid" time="61.580" errors="0" timestamp="2025-03-18T19:32:18 IST" skipped="0">
  <testcase classname="MobileAutomation.Appium.eCommerce_tc1_Hybrid" name="cart_amt" time="61.580"/>
</testsuite> <!-- MobileAutomation.Appium.eCommerce_tc1_Hybrid -->
