<?xml version="1.0" encoding="UTF-8"?>
<!-- Generated by org.testng.reporters.JUnitReportReporter -->
<testsuite hostname="Rakesh" failures="0" tests="1" name="MobileAutomation.Appium.DragandDrop" time="5.029" errors="0" timestamp="2025-03-11T18:43:38 IST" skipped="0">
  <testcase classname="MobileAutomation.Appium.DragandDrop" name="dragdropgeature" time="5.029"/>
</testsuite> <!-- MobileAutomation.Appium.DragandDrop -->
