<?xml version="1.0" encoding="UTF-8"?>
<!-- Generated by org.testng.reporters.JUnitReportReporter -->
<testsuite hostname="Rakesh" failures="0" tests="1" name="MobileAutomation.Appium.scrollDemo" time="24.111" errors="0" timestamp="2025-03-09T14:39:44 IST" skipped="0">
  <testcase classname="MobileAutomation.Appium.scrollDemo" name="scrollGesture" time="24.111"/>
</testsuite> <!-- MobileAutomation.Appium.scrollDemo -->
