<?xml version="1.0" encoding="UTF-8"?>
<!-- Generated by org.testng.reporters.JUnitReportReporter -->
<testsuite hostname="Rakesh" failures="0" tests="1" name="MobileAutomation.Appium.eCommerce_tc1_longPress" time="37.637" errors="0" timestamp="2025-03-16T17:36:16 IST" skipped="0">
  <testcase classname="MobileAutomation.Appium.eCommerce_tc1_longPress" name="cart_amt" time="37.637"/>
</testsuite> <!-- MobileAutomation.Appium.eCommerce_tc1_longPress -->
