<?xml version="1.0" encoding="UTF-8"?>
<!-- Generated by org.testng.reporters.JUnitReportReporter -->
<testsuite hostname="Rakesh" failures="0" tests="1" name="MobileAutomation.Appium.Commerce_tc_1_errorToast" time="11.077" errors="0" timestamp="2025-03-14T18:12:16 IST" skipped="0">
  <testcase classname="MobileAutomation.Appium.Commerce_tc_1_errorToast" name="toast_error" time="11.077"/>
</testsuite> <!-- MobileAutomation.Appium.Commerce_tc_1_errorToast -->
