<?xml version="1.0" encoding="UTF-8"?>
<!-- Generated by org.testng.reporters.JUnitReportReporter -->
<testsuite hostname="Rakesh" failures="0" tests="1" name="MobileAutomation.Appium.eCommerce_tc1_totalamtincart" time="63.038" errors="0" timestamp="2025-03-16T16:31:00 IST" skipped="0">
  <testcase classname="MobileAutomation.Appium.eCommerce_tc1_totalamtincart" name="total_amt" time="63.038"/>
</testsuite> <!-- MobileAutomation.Appium.eCommerce_tc1_totalamtincart -->
