<?xml version="1.0" encoding="UTF-8"?>
<!-- Generated by org.testng.reporters.JUnitReportReporter -->
<testsuite hostname="Rakesh" failures="0" tests="1" name="MobileAutomation.Appium.AppiumBasics" time="2.387" errors="0" timestamp="2025-03-08T14:03:12 IST" skipped="0">
  <testcase classname="MobileAutomation.Appium.AppiumBasics" name="WifiSettingname" time="2.387"/>
</testsuite> <!-- MobileAutomation.Appium.AppiumBasics -->
