<?xml version="1.0" encoding="UTF-8"?>
<!-- Generated by org.testng.reporters.JUnitReportReporter -->
<testsuite hostname="Rakesh" failures="0" tests="1" name="MobileAutomation.Appium.eCommerce_tc1_CartValidation" time="24.291" errors="0" timestamp="2025-03-16T11:27:29 IST" skipped="0">
  <testcase classname="MobileAutomation.Appium.eCommerce_tc1_CartValidation" name="cartVaidation" time="24.291"/>
</testsuite> <!-- MobileAutomation.Appium.eCommerce_tc1_CartValidation -->
