<?xml version="1.0" encoding="UTF-8"?>
<!-- Generated by org.testng.reporters.JUnitReportReporter -->
<testsuite hostname="Rakesh" failures="0" tests="1" name="MobileAutomation.Appium.longPress" time="10.865" errors="0" timestamp="2025-03-09T13:56:07 IST" skipped="0">
  <testcase classname="MobileAutomation.Appium.longPress" name="LongPress" time="10.865"/>
</testsuite> <!-- MobileAutomation.Appium.longPress -->
