<?xml version="1.0" encoding="UTF-8"?>
<!-- Generated by org.testng.reporters.JUnitReportReporter -->
<testsuite hostname="Rakesh" failures="0" tests="1" name="MobileAutomation.Appium.AppPackage_and_AppActivity" time="11.822" errors="0" timestamp="2025-03-12T11:50:47 IST" skipped="0">
  <testcase classname="MobileAutomation.Appium.AppPackage_and_AppActivity" name="WifiSettingname" time="11.822"/>
</testsuite> <!-- MobileAutomation.Appium.AppPackage_and_AppActivity -->
