<?xml version="1.0" encoding="UTF-8"?>
<!-- Generated by org.testng.reporters.JUnitReportReporter -->
<testsuite hostname="Rakesh" failures="0" tests="1" name="MobileAutomation.Appium.Miscelleneouus_activities" time="13.870" errors="0" timestamp="2025-03-11T20:28:45 IST" skipped="0">
  <testcase classname="MobileAutomation.Appium.Miscelleneouus_activities" name="WifiSettingname" time="13.870"/>
</testsuite> <!-- MobileAutomation.Appium.Miscelleneouus_activities -->
