<?xml version="1.0" encoding="UTF-8"?>
<!-- Generated by org.testng.reporters.JUnitReportReporter -->
<testsuite hostname="Rakesh" failures="0" tests="1" name="MobileAutomation.Appium.eCommerce_tc_1" time="11.901" errors="0" timestamp="2025-03-14T17:46:59 IST" skipped="0">
  <testcase classname="MobileAutomation.Appium.eCommerce_tc_1" name="fillForm" time="11.901"/>
</testsuite> <!-- MobileAutomation.Appium.eCommerce_tc_1 -->
