<?xml version="1.0" encoding="UTF-8"?>
<!-- Generated by org.testng.reporters.JUnitReportReporter -->
<testsuite hostname="Rakesh" failures="0" tests="1" name="MobileAutomation.Appium.AppiumBasics" time="7.950" errors="0" timestamp="2025-03-08T18:57:58 IST" skipped="0">
  <testcase classname="MobileAutomation.Appium.AppiumBasics" name="WifiSettingname" time="7.950"/>
</testsuite> <!-- MobileAutomation.Appium.AppiumBasics -->
