<?xml version="1.0" encoding="UTF-8"?>
<!-- Generated by org.testng.reporters.JUnitReportReporter -->
<testsuite hostname="Rakesh" failures="0" tests="1" name="MobileAutomation.Appium.eCommerce_tc1_Cart_Amount" time="19.871" errors="0" timestamp="2025-03-16T16:56:42 IST" skipped="0">
  <testcase classname="MobileAutomation.Appium.eCommerce_tc1_Cart_Amount" name="cart_amt" time="19.871"/>
</testsuite> <!-- MobileAutomation.Appium.eCommerce_tc1_Cart_Amount -->
