<?xml version="1.0" encoding="UTF-8"?>
<!-- Generated by org.testng.reporters.JUnitReportReporter -->
<testsuite hostname="Rakesh" failures="0" tests="1" name="MobileAutomation.Appium.SwipeDemo" time="7.049" errors="0" timestamp="2025-03-09T15:30:10 IST" skipped="0">
  <testcase classname="MobileAutomation.Appium.SwipeDemo" name="swipeGesture" time="7.049"/>
</testsuite> <!-- MobileAutomation.Appium.SwipeDemo -->
